TN:
SF:src\db\prisma.ts
FNF:0
FNH:0
DA:3,2
LF:1
LH:1
BRF:0
BRH:0
end_of_record
TN:
SF:src\middleware\admin.ts
FN:7,(anonymous_0)
FNF:1
FNH:1
FNDA:1,(anonymous_0)
DA:7,2
DA:9,1
DA:11,1
DA:12,0
DA:16,1
DA:17,1
DA:21,0
LF:7
LH:5
BRDA:11,0,0,0
BRDA:11,0,1,1
BRDA:16,1,0,1
BRDA:16,1,1,0
BRF:4
BRH:2
end_of_record
TN:
SF:src\middleware\auth.ts
FN:8,(anonymous_0)
FNF:1
FNH:1
FNDA:8,(anonymous_0)
DA:8,2
DA:9,8
DA:11,8
DA:12,2
DA:15,6
DA:16,6
DA:18,6
DA:19,0
DA:22,6
DA:23,6
DA:24,5
DA:26,5
DA:30,5
DA:31,0
DA:35,5
DA:37,5
DA:39,1
LF:17
LH:15
BRDA:11,0,0,2
BRDA:11,0,1,6
BRDA:18,1,0,0
BRDA:18,1,1,6
BRDA:30,2,0,0
BRDA:30,2,1,5
BRF:6
BRH:4
end_of_record
TN:
SF:src\routes\admin.ts
FN:24,(anonymous_0)
FN:45,(anonymous_1)
FN:75,(anonymous_2)
FN:108,(anonymous_3)
FN:143,(anonymous_4)
FN:190,(anonymous_5)
FN:216,(anonymous_6)
FN:262,(anonymous_7)
FN:307,(anonymous_8)
FN:342,(anonymous_9)
FN:408,(anonymous_10)
FN:429,(anonymous_11)
FN:465,(anonymous_12)
FN:469,(anonymous_13)
FN:501,(anonymous_14)
FN:539,(anonymous_15)
FN:585,(anonymous_16)
FN:602,(anonymous_17)
FNF:18
FNH:0
FNDA:0,(anonymous_0)
FNDA:0,(anonymous_1)
FNDA:0,(anonymous_2)
FNDA:0,(anonymous_3)
FNDA:0,(anonymous_4)
FNDA:0,(anonymous_5)
FNDA:0,(anonymous_6)
FNDA:0,(anonymous_7)
FNDA:0,(anonymous_8)
FNDA:0,(anonymous_9)
FNDA:0,(anonymous_10)
FNDA:0,(anonymous_11)
FNDA:0,(anonymous_12)
FNDA:0,(anonymous_13)
FNDA:0,(anonymous_14)
FNDA:0,(anonymous_15)
FNDA:0,(anonymous_16)
FNDA:0,(anonymous_17)
DA:14,2
DA:17,2
DA:24,2
DA:25,0
DA:26,0
DA:35,0
DA:37,0
DA:38,0
DA:45,2
DA:46,0
DA:47,0
DA:49,0
DA:51,0
DA:52,0
DA:61,0
DA:65,0
DA:67,0
DA:68,0
DA:75,2
DA:76,0
DA:78,0
DA:79,0
DA:81,0
DA:83,0
DA:84,0
DA:93,0
DA:98,0
DA:100,0
DA:101,0
DA:108,2
DA:109,0
DA:111,0
DA:113,0
DA:117,0
DA:118,0
DA:126,0
DA:130,0
DA:132,0
DA:133,0
DA:143,2
DA:144,0
DA:145,0
DA:146,0
DA:147,0
DA:149,0
DA:150,0
DA:151,0
DA:154,0
DA:156,0
DA:172,0
DA:182,0
DA:183,0
DA:190,2
DA:191,0
DA:193,0
DA:194,0
DA:201,0
DA:202,0
DA:205,0
DA:207,0
DA:208,0
DA:216,2
DA:217,0
DA:218,0
DA:220,0
DA:222,0
DA:223,0
DA:232,0
DA:235,0
DA:239,0
DA:252,0
DA:254,0
DA:255,0
DA:262,2
DA:263,0
DA:265,0
DA:266,0
DA:268,0
DA:270,0
DA:271,0
DA:280,0
DA:283,0
DA:284,0
DA:289,0
DA:297,0
DA:299,0
DA:300,0
DA:307,2
DA:308,0
DA:310,0
DA:312,0
DA:316,0
DA:317,0
DA:325,0
DA:329,0
DA:331,0
DA:332,0
DA:342,2
DA:343,0
DA:344,0
DA:345,0
DA:347,0
DA:348,0
DA:388,0
DA:398,0
DA:399,0
DA:408,2
DA:409,0
DA:411,0
DA:412,0
DA:414,0
DA:416,0
DA:417,0
DA:426,0
DA:429,0
DA:431,0
DA:439,0
DA:440,0
DA:443,0
DA:444,0
DA:447,0
DA:448,0
DA:452,0
DA:455,0
DA:461,0
DA:465,0
DA:467,0
DA:469,0
DA:470,0
DA:475,0
DA:485,0
DA:488,0
DA:490,0
DA:491,0
DA:501,2
DA:502,0
DA:504,0
DA:506,0
DA:517,0
DA:518,0
DA:522,0
DA:536,0
DA:538,0
DA:539,0
DA:547,0
DA:550,0
DA:565,0
DA:566,0
DA:567,0
DA:569,0
DA:570,0
DA:577,0
DA:578,0
DA:579,0
DA:580,0
DA:585,0
DA:586,0
DA:595,0
DA:602,0
DA:611,0
DA:612,0
LF:161
LH:14
BRDA:51,0,0,0
BRDA:51,0,1,0
BRDA:83,1,0,0
BRDA:83,1,1,0
BRDA:117,2,0,0
BRDA:117,2,1,0
BRDA:145,3,0,0
BRDA:145,3,1,0
BRDA:146,4,0,0
BRDA:146,4,1,0
BRDA:150,5,0,0
BRDA:150,5,1,0
BRDA:201,6,0,0
BRDA:201,6,1,0
BRDA:222,7,0,0
BRDA:222,7,1,0
BRDA:235,8,0,0
BRDA:235,8,1,0
BRDA:244,9,0,0
BRDA:244,9,1,0
BRDA:270,10,0,0
BRDA:270,10,1,0
BRDA:283,11,0,0
BRDA:283,11,1,0
BRDA:284,12,0,0
BRDA:284,12,1,0
BRDA:316,13,0,0
BRDA:316,13,1,0
BRDA:343,14,0,0
BRDA:343,14,1,0
BRDA:344,15,0,0
BRDA:344,15,1,0
BRDA:416,16,0,0
BRDA:416,16,1,0
BRDA:426,17,0,0
BRDA:439,18,0,0
BRDA:439,18,1,0
BRDA:443,19,0,0
BRDA:443,19,1,0
BRDA:447,20,0,0
BRDA:447,20,1,0
BRDA:467,21,0,0
BRDA:467,21,1,0
BRDA:470,22,0,0
BRDA:470,22,1,0
BRDA:490,23,0,0
BRDA:490,23,1,0
BRDA:517,24,0,0
BRDA:517,24,1,0
BRDA:538,25,0,0
BRDA:538,25,1,0
BRDA:539,26,0,0
BRDA:539,26,1,0
BRDA:569,27,0,0
BRDA:569,27,1,0
BRDA:579,28,0,0
BRDA:579,28,1,0
BRDA:591,29,0,0
BRDA:591,29,1,0
BRF:59
BRH:0
end_of_record
TN:
SF:src\routes\auth.ts
FN:10,(anonymous_0)
FN:73,(anonymous_1)
FNF:2
FNH:1
FNDA:5,(anonymous_0)
FNDA:0,(anonymous_1)
DA:7,2
DA:10,2
DA:11,5
DA:12,5
DA:13,5
DA:15,5
DA:16,1
DA:19,4
DA:20,4
DA:23,4
DA:24,5
DA:25,5
DA:28,5
DA:29,5
DA:30,0
DA:33,4
DA:39,4
DA:40,4
DA:51,4
DA:63,0
DA:64,0
DA:67,0
DA:68,0
DA:73,2
DA:74,0
DA:76,0
DA:77,0
DA:80,0
DA:81,0
DA:83,0
DA:84,0
DA:87,0
DA:88,0
DA:89,0
DA:91,0
DA:95,0
DA:96,0
DA:99,0
DA:110,0
LF:39
LH:19
BRDA:15,0,0,1
BRDA:15,0,1,4
BRDA:23,1,0,4
BRDA:23,1,1,0
BRDA:24,2,0,5
BRDA:24,2,1,0
BRDA:29,3,0,0
BRDA:29,3,1,5
BRDA:63,4,0,0
BRDA:63,4,1,0
BRDA:63,5,0,0
BRDA:63,5,1,0
BRDA:76,6,0,0
BRDA:76,6,1,0
BRDA:83,7,0,0
BRDA:83,7,1,0
BRDA:95,8,0,0
BRDA:95,8,1,0
BRF:18
BRH:5
end_of_record
TN:
SF:src\routes\sessions.ts
FN:25,(anonymous_0)
FN:48,(anonymous_1)
FN:74,(anonymous_2)
FN:111,(anonymous_3)
FN:125,(anonymous_4)
FN:153,(anonymous_5)
FNF:6
FNH:3
FNDA:2,(anonymous_0)
FNDA:2,(anonymous_1)
FNDA:2,(anonymous_2)
FNDA:0,(anonymous_3)
FNDA:0,(anonymous_4)
FNDA:0,(anonymous_5)
DA:13,2
DA:16,2
DA:25,2
DA:27,2
DA:29,2
DA:31,2
DA:40,2
DA:41,0
DA:45,2
DA:48,2
DA:58,2
DA:66,0
DA:67,0
DA:74,2
DA:75,2
DA:77,2
DA:78,2
DA:81,2
DA:83,2
DA:84,1
DA:93,1
DA:95,1
DA:101,1
DA:103,0
DA:104,0
DA:111,2
DA:112,0
DA:113,0
DA:115,0
DA:117,0
DA:123,0
DA:125,0
DA:135,0
DA:137,0
DA:140,0
DA:141,0
DA:142,0
DA:143,0
DA:145,0
DA:153,2
DA:154,0
DA:156,0
DA:157,0
DA:158,0
DA:160,0
DA:161,0
LF:46
LH:22
BRDA:40,0,0,0
BRDA:40,0,1,2
BRDA:66,1,0,0
BRDA:66,1,1,0
BRDA:83,2,0,1
BRDA:83,2,1,1
BRDA:103,3,0,0
BRDA:103,3,1,0
BRDA:127,4,0,0
BRDA:127,4,1,0
BRDA:137,5,0,0
BRDA:137,5,1,0
BRDA:140,6,0,0
BRDA:140,6,1,0
BRDA:142,7,0,0
BRDA:142,7,1,0
BRDA:160,8,0,0
BRDA:160,8,1,0
BRF:18
BRH:3
end_of_record
TN:
SF:src\services\github.ts
FN:29,(anonymous_0)
FN:38,exchangeCodeForAccessToken
FN:71,getGitHubUser
FN:92,getGitHubUserByCode
FNF:4
FNH:1
FNDA:0,(anonymous_0)
FNDA:0,exchangeCodeForAccessToken
FNDA:0,getGitHubUser
FNDA:3,getGitHubUserByCode
DA:31,0
DA:33,0
DA:34,0
DA:39,0
DA:40,0
DA:42,0
DA:43,0
DA:46,0
DA:62,0
DA:64,0
DA:65,0
DA:68,0
DA:72,0
DA:79,0
DA:81,0
DA:82,0
DA:85,0
DA:93,3
DA:94,3
DA:101,0
DA:102,0
LF:21
LH:2
BRDA:42,0,0,0
BRDA:42,0,1,0
BRDA:42,1,0,0
BRDA:42,1,1,0
BRDA:64,2,0,0
BRDA:64,2,1,0
BRDA:81,3,0,0
BRDA:81,3,1,0
BRDA:93,4,0,3
BRDA:93,4,1,0
BRF:10
BRH:1
end_of_record
TN:
SF:src\services\scoringService.ts
FN:8,(anonymous_0)
FN:33,(anonymous_1)
FN:52,(anonymous_2)
FN:70,(anonymous_3)
FN:138,(anonymous_4)
FNF:5
FNH:4
FNDA:7,(anonymous_0)
FNDA:6,(anonymous_1)
FNDA:3,(anonymous_2)
FNDA:4,(anonymous_3)
FNDA:0,(anonymous_4)
DA:10,7
DA:11,2
DA:14,5
DA:15,5
DA:17,5
DA:19,5
DA:20,8
DA:21,3
DA:23,5
DA:27,5
DA:39,6
DA:40,6
DA:42,6
DA:44,6
DA:45,5
DA:47,1
DA:53,3
DA:54,1
DA:57,2
DA:58,2
DA:59,5
DA:60,5
DA:61,5
DA:64,2
DA:77,4
DA:78,4
DA:79,4
DA:81,0
DA:85,4
DA:88,4
DA:89,2
DA:90,2
DA:92,1
DA:96,4
DA:99,2
DA:100,2
DA:101,2
DA:102,2
DA:108,1
DA:109,1
DA:110,1
DA:111,1
DA:117,1
DA:123,0
DA:131,3
DA:138,3
DA:139,0
DA:142,0
DA:148,0
DA:155,0
DA:159,0
DA:165,0
LF:52
LH:44
BRDA:10,0,0,2
BRDA:10,0,1,5
BRDA:10,1,0,7
BRDA:10,1,1,6
BRDA:20,2,0,3
BRDA:20,2,1,5
BRDA:36,3,0,6
BRDA:44,4,0,5
BRDA:44,4,1,1
BRDA:53,5,0,1
BRDA:53,5,1,2
BRDA:53,6,0,3
BRDA:53,6,1,2
BRDA:59,7,0,5
BRDA:59,7,1,0
BRDA:60,8,0,5
BRDA:60,8,1,0
BRDA:74,9,0,4
BRDA:79,10,0,3
BRDA:79,10,1,1
BRDA:88,11,0,2
BRDA:88,11,1,2
BRDA:96,12,0,2
BRDA:96,12,1,1
BRDA:96,12,2,1
BRDA:96,12,3,0
BRDA:101,13,0,2
BRDA:101,13,1,0
BRDA:108,14,0,1
BRDA:108,14,1,0
BRDA:109,15,0,1
BRDA:109,15,1,0
BRF:32
BRH:26
end_of_record
TN:
SF:src\services\sessionService.ts
FN:17,(anonymous_0)
FN:42,(anonymous_1)
FN:43,(anonymous_2)
FN:128,(anonymous_3)
FN:129,(anonymous_4)
FN:179,(anonymous_5)
FNF:6
FNH:3
FNDA:2,(anonymous_0)
FNDA:1,(anonymous_1)
FNDA:1,(anonymous_2)
FNDA:0,(anonymous_3)
FNDA:0,(anonymous_4)
FNDA:0,(anonymous_5)
DA:4,2
DA:19,2
DA:20,2
DA:23,2
DA:31,2
DA:43,1
DA:45,1
DA:49,1
DA:50,0
DA:53,1
DA:54,0
DA:57,1
DA:58,0
DA:62,0
DA:66,1
DA:70,1
DA:71,0
DA:77,1
DA:80,1
DA:81,0
DA:83,0
DA:86,0
DA:90,1
DA:98,1
DA:119,1
DA:129,0
DA:131,0
DA:138,0
DA:139,0
DA:142,0
DA:143,0
DA:147,0
DA:148,0
DA:150,0
DA:151,0
DA:152,0
DA:154,0
DA:159,0
DA:168,0
DA:180,0
DA:191,0
DA:192,0
DA:196,0
DA:197,0
DA:200,0
DA:205,2
LF:46
LH:18
BRDA:17,0,0,2
BRDA:49,1,0,0
BRDA:49,1,1,1
BRDA:53,2,0,0
BRDA:53,2,1,1
BRDA:57,3,0,0
BRDA:57,3,1,1
BRDA:70,4,0,0
BRDA:70,4,1,1
BRDA:77,5,0,1
BRDA:77,5,1,0
BRDA:81,6,0,0
BRDA:81,6,1,0
BRDA:138,7,0,0
BRDA:138,7,1,0
BRDA:142,8,0,0
BRDA:142,8,1,0
BRDA:151,9,0,0
BRDA:151,9,1,0
BRDA:162,10,0,0
BRDA:162,10,1,0
BRDA:164,11,0,0
BRDA:164,11,1,0
BRDA:191,12,0,0
BRDA:191,12,1,0
BRDA:196,13,0,0
BRDA:196,13,1,0
BRF:27
BRH:6
end_of_record
TN:
SF:src\utils\validation.ts
FNF:0
FNH:0
DA:4,3
DA:11,3
DA:17,3
DA:24,3
DA:33,3
DA:36,3
LF:6
LH:6
BRF:0
BRH:0
end_of_record
TN:
SF:tests\setup\test-app.ts
FN:7,(anonymous_0)
FN:10,(anonymous_1)
FN:19,(anonymous_2)
FNF:3
FNH:1
FNDA:2,(anonymous_0)
FNDA:0,(anonymous_1)
FNDA:0,(anonymous_2)
DA:7,2
DA:8,2
DA:10,2
DA:11,2
DA:12,2
DA:13,2
DA:15,2
DA:19,2
DA:23,0
DA:29,0
LF:10
LH:8
BRDA:20,0,0,0
BRDA:21,1,0,0
BRDA:29,2,0,0
BRDA:29,2,1,0
BRF:4
BRH:0
end_of_record
